BUHBZ	38.2	114.3	131
CQCHK	32.0	108.6	840
CQWAZ	30.8	108.5	493
CQWUX	31.4	109.6	284
GSBYT	36.6	104.1	1766
GSCXT	33.7	105.8	980
GSHCH	36.3	108.5	1193
GSHNT	35.7	105.1	1772
GSHXT	36.6	107.3	1224
GSJNT	35.5	105.8	1730
GSJTA	37.2	104.1	1645
GSLZH	36.1	103.8	1560
GSMXT	34.4	104.0	2325
GSNXT	35.6	107.9	925
GSPLT	35.5	106.7	1478
GSSGS	37.7	103.9	1678
GSTSS	34.3	106.0	1707
GSWDT	33.4	105.0	1060
GSWSH	34.7	105.1	1757
GSWXT	33.0	104.7	980
GSWYT	35.0	104.1	2320
GSZHC	34.9	106.3	1723
GSZHQ	33.8	104.4	1460
HADA	34.8	111.3	339
HAHX	35.5	113.4	456
HAJS	34.6	113.2	150
HAJY	35.2	112.4	295
HAJZ	35.3	113.2	238
HALS	34.0	111.0	595
HALYN	34.6	112.5	170
HALZH	36.1	113.8	336
HANY	33.1	112.3	250
HAPDS	33.7	113.3	107
HASC	31.8	115.4	124
HAXX	35.7	114.5	86
HAXY	32.1	114.0	87
HAZMD	33.1	113.7	159
HBDJI	32.6	111.5	122
HBDWU	31.5	114.1	60
HBFXI	31.9	110.7	815
HBJME	31.1	112.2	152
HBMCH	31.1	115.2	95
HBNZH	31.4	111.6	393
HBSYA	32.6	110.7	662
HBSZH	31.6	113.4	83
HBWHN	30.5	114.4	36
HBXFA	32.0	112.0	115
HBXSH	31.3	110.8	939
HBYCH	30.8	111.3	91
HBYXI	33.0	110.4	285
HBZHX	31.2	112.7	64
HBZSH	32.2	110.2	386
HBZUX	32.3	109.7	455
HECXT	36.4	114.1	320
HEGAN	38.4	114.0	220
HEHNS	37.4	114.7	31
HEHST	36.2	114.0	781
HEJNX	38.0	114.2	263
HELIC	37.5	114.4	130
HELUQ	38.0	114.3	217
HESXT	36.6	113.6	500
HEWAT	36.8	114.0	510
HEXTT	37.1	114.3	320
HEYON	36.8	114.4	120
HEYUS	37.8	114.4	214
HEZAH	37.7	114.4	143
HEZHX	37.8	114.8	42
NXGYU	36.0	106.2	1926
NXHYU	36.5	105.6	2220
NXJYU	35.5	106.3	1872
NXLWU	38.1	106.3	1200
NXNSS	37.7	106.1	1427
NXTXN	37.3	106.3	2553
NXXJI	36.1	105.8	2304
NXXSH	37.2	105.2	1830
NXYCI	37.8	107.4	1312
NXZHW	37.6	105.2	1220
QS01	34.4	108.6	488
QS02	33.7	108.6	873
QS03	32.9	108.5	507
QS04	32.5	108.4	405
QS05	32.0	108.0	573
QS06	32.2	107.4	550
QS07	31.6	107.3	660
QS08	31.2	106.5	358
QS09	32.5	106.9	690
QS10	31.7	105.2	500
QS101	37.5	113.1	1409
QS102	37.1	112.9	1030
QS103	36.5	113.6	486
QS104	36.4	112.5	1047
QS105	35.6	112.8	888
QS106	35.3	111.8	538
QS107	35.7	113.9	520
QS108	35.2	113.7	90
QS109	34.6	114.4	70
QS11	32.1	104.8	960
QS111	34.4	112.8	513
QS112	34.3	112.2	262
QS113	34.0	111.7	637
QS114	33.5	112.2	283
QS115	33.2	111.7	206
QS116	32.9	112.0	168
QS117	32.8	112.8	117
QS118	33.6	113.8	70
QS119	33.4	113.3	125
QS12	32.8	105.1	727
QS120	31.9	113.1	130
QS121	31.5	112.2	71
QS122	31.6	111.2	887
QS123	32.2	111.4	240
QS124	32.6	110.3	474
QS125	33.3	109.7	439
QS126	33.5	110.4	481
QS127	34.1	110.7	931
QS128	34.2	110.2	959
QS129	33.9	109.6	1045
QS13	32.9	106.3	896
QS130	34.7	109.7	347
QS131	35.2	109.6	763
QS132	35.1	110.6	423
QS133	36.0	110.8	1128
QS134	35.7	111.7	557
QS135	36.3	111.8	659
QS136	36.7	111.5	1077
QS137	37.1	111.3	1413
QS138	33.3	107.8	779
QS139	38.0	109.4	1062
QS14	33.6	106.9	995
QS140	37.4	109.4	1274
QS141	32.4	108.0	1131
QS142	35.8	110.1	1229
QS143	35.4	108.7	1355
QS144	35.8	108.0	1397
QS145	35.3	107.4	1229
QS146	34.9	108.5	1080
QS147	34.3	107.5	615
QS148	33.8	107.5	1375
QS149	33.5	109.1	747
QS15	33.7	107.9	1423
QS150	32.9	109.4	357
QS151	32.0	105.8	825
QS152	32.8	106.0	790
QS153	33.5	105.4	1202
QS154	33.9	106.3	904
QS155	34.5	105.6	1451
QS156	37.0	107.0	1413
QS16	35.2	108.4	1400
QS17	35.1	107.2	1431
QS18	35.7	107.3	1426
QS19	36.1	107.7	1224
QS20	36.1	106.9	1595
QS21	36.7	106.1	1407
QS22	37.0	105.9	1362
QS23	36.8	108.2	1400
QS24	37.2	107.9	1609
QS25	36.8	104.9	1681
QS26	36.2	105.0	1797
QS27	35.3	104.5	2443
QS28	34.0	105.2	1668
QS29	35.0	105.5	1441
QS30	34.2	106.7	1331
QS31	35.0	108.2	1083
QS32	35.0	108.2	1088
QS33	35.1	107.7	1229
QS34	34.5	106.5	934
QS35	33.0	108.1	525
QS36	32.2	108.3	517
QS37	31.7	108.3	625
QS38	32.4	107.4	778
QS39	31.5	106.8	345
QS40	31.4	105.9	352
QS41	32.2	106.8	534
QS42	31.4	104.9	474
QS43	32.0	105.1	660
QS44	32.6	106.3	1020
QS45	33.2	105.5	1285
QS46	34.1	105.8	1412
QS47	34.6	107.3	982
QS48	30.9	107.3	353
QS49	36.5	107.8	1223
QS50	37.4	107.3	1445
QS51	37.0	106.5	1798
QS52	35.8	106.7	1457
QS53	36.3	106.5	1903
QS54	36.8	105.3	1836
QS55	37.0	107.6	1638
QS56	37.6	108.3	1358
QS57	37.4	104.8	1263
QS58	37.3	105.8	1289
QS59	35.8	104.6	1813
QS60	34.2	104.9	1729
QS61	35.1	106.0	1708
QS62	35.2	105.1	1833
QS64	35.5	108.5	1571
QS65	31.4	104.9	477
SCAXI	31.6	104.4	587
SCBZH	31.8	106.7	442
SCCD2	30.9	103.8	653
SCCXI	31.7	106.0	458
SCJJS	31.0	104.5	908
SCJMG	32.2	105.6	801
SCJZG	33.3	104.2	1442
SCMXI	31.7	103.9	1584
SCPWU	32.4	104.5	882
SCQCH	32.6	105.2	800
SCSPA	32.6	103.6	2905
SCWCA	32.2	106.2	610
SCWCH	31.5	103.6	1315
SCXCO	31.0	105.9	336
SCXHA	31.4	107.7	390
SCYTI	31.2	105.4	385
SCYZP	30.9	103.6	766
SCZJG	31.8	104.7	612
SD01	36.9	112.4	1364
SD04	36.4	109.2	1032
SD05	35.9	108.9	1040
SD06	36.1	109.6	1157
SD07	36.5	110.1	1070
SD09	36.0	112.7	1016
SD11	35.5	110.8	554
SD12	36.0	110.4	887
SD13	35.7	109.6	1188
SD14	34.9	110.0	393
SD15	34.7	109.3	362
SD16	33.7	109.2	1137
SD17	33.9	110.1	845
SD18	34.4	111.1	725
SD19	34.8	112.0	354
SD20	34.9	112.8	117
SD201	35.9	113.0	1009
SD202	35.2	112.8	230
SD203	35.0	111.7	527
SD204	33.8	113.0	164
SD205	33.1	112.6	125
SD206	32.4	113.5	127
SD207	32.3	112.1	108
SD208	31.5	112.9	191
SD209	31.8	111.9	131
SD21	34.4	111.8	99
SD211	31.5	110.4	1745
SD212	31.6	109.3	674
SD213	32.3	110.8	836
SD215	33.1	108.8	671
SD216	33.2	110.1	344
SD217	33.0	110.9	409
SD218	33.8	111.5	985
SD219	33.7	110.4	700
SD220	34.5	110.6	708
SD221	35.1	108.7	1117
SD222	36.0	109.3	1191
SD223	35.7	111.0	736
SD224	36.1	110.0	1204
SD225	36.3	110.5	937
SD226	36.6	109.7	1081
SD227	36.6	108.7	1159
SD228	37.2	108.8	1469
SD229	37.0	109.9	914
SD23	34.0	112.6	398
SD24	33.9	112.2	604
SD25	33.5	111.7	447
SD26	33.1	109.2	414
SD27	32.2	109.1	716
SD28	33.3	111.1	353
SD29	33.5	112.7	191
SD30	33.0	113.0	112
SD31	32.6	112.2	88
SD31B	34.2	113.2	224
SD32	32.6	113.9	136
SD33	32.3	112.8	136
SD33B	32.6	110.0	441
SD34	32.6	113.3	0
SD36	31.9	109.7	808
SD39	31.7	112.6	133
SNANK	32.7	109.0	297
SNFUP	35.0	109.1	1100
SNHEY	35.4	110.1	1160
SNHUA	34.4	109.7	876
SNHUY	34.5	110.2	860
SNHZ1	33.0	107.0	553
SNHZH	33.3	107.4	497
SNJYA	34.7	108.8	685
SNLAN	34.1	109.4	740
SNLIN	34.4	109.2	730
SNLIY	34.7	107.8	1027
SNLOX	35.0	106.7	1080
SNLUY	33.4	106.1	676
SNMEI	34.1	107.8	942
SNMIA	33.2	106.8	1151
SNNSH	33.3	108.3	850
SNPCH	35.1	109.4	1010
SNQLI	34.6	108.2	885
SNSHA	33.5	109.9	836
SNSHN	33.5	110.9	461
SNSUD	37.5	110.2	856
SNTAB	34.1	107.3	1710
SNTOC	35.4	109.1	1405
SNXAN	34.0	108.9	630
SNXIX	32.9	107.7	561
SNYAA	36.9	109.3	1138
SNZOZ	34.1	108.3	610
SXANZ	36.2	112.3	900
SXCHZ	36.2	113.2	1030
SXDOS	37.9	112.7	1000
SXHMA	35.6	111.4	540
SXHZH	36.6	111.9	1020
SXJIC	37.7	112.4	840
SXLIC	35.7	113.3	1190
SXLIF	36.1	111.4	500
SXLIS	37.5	111.2	1020
SXLOF	38.0	112.0	1480
SXTAG	37.4	112.6	1720
SXTIY	38.4	113.0	900
SXXAX	35.1	111.2	400
SXXAY	36.7	112.9	1020
SXXIX	36.7	111.0	1100
SXXIY	37.6	113.7	940
SXYAC	35.4	112.4	640
SXYJI	34.8	110.6	500
SXZOQ	37.1	113.4	890